<?xml version="1.0" encoding="UTF-8"?>
<!-- Generated by org.testng.reporters.JUnitReportReporter -->
<testsuite skipped="0" hostname="PWVDIMPSQA-A-12" name="Selenium.google_Search.Equipt_Login" tests="1" failures="0" timestamp="2020-12-10T17:06:56 IST" time="5.575" errors="0">
  <testcase name="runner" time="5.575" classname="Selenium.google_Search.Equipt_Login"/>
  <system-out/>
</testsuite> <!-- Selenium.google_Search.Equipt_Login -->
